D:\USERS\DELL\DOCUMENTS\VISUAL STUDIO 2012\PROJECTS\轨道编辑器\轨道执行器\DEBUG\轨道执行器.OBJ
D:\USERS\DELL\DOCUMENTS\VISUAL STUDIO 2012\PROJECTS\轨道编辑器\轨道执行器\DEBUG\VC110.PDB
D:\USERS\DELL\DOCUMENTS\VISUAL STUDIO 2012\PROJECTS\轨道编辑器\DEBUG\轨道执行器.ILK
D:\USERS\DELL\DOCUMENTS\VISUAL STUDIO 2012\PROJECTS\轨道编辑器\DEBUG\轨道执行器.EXE
D:\USERS\DELL\DOCUMENTS\VISUAL STUDIO 2012\PROJECTS\轨道编辑器\DEBUG\轨道执行器.PDB
D:\USERS\DELL\DOCUMENTS\VISUAL STUDIO 2012\PROJECTS\轨道编辑器\轨道执行器\DEBUG\轨道执行器.RES
D:\Users\Dell\Documents\Visual Studio 2012\Projects\轨道编辑器\轨道执行器\Debug\轨道执行器.obj
D:\Users\Dell\Documents\Visual Studio 2012\Projects\轨道编辑器\轨道执行器\Debug\cl.command.1.tlog
D:\Users\Dell\Documents\Visual Studio 2012\Projects\轨道编辑器\轨道执行器\Debug\CL.read.1.tlog
D:\Users\Dell\Documents\Visual Studio 2012\Projects\轨道编辑器\轨道执行器\Debug\CL.write.1.tlog
D:\Users\Dell\Documents\Visual Studio 2012\Projects\轨道编辑器\轨道执行器\Debug\link-cvtres.read.1.tlog
D:\Users\Dell\Documents\Visual Studio 2012\Projects\轨道编辑器\轨道执行器\Debug\link-cvtres.write.1.tlog
D:\Users\Dell\Documents\Visual Studio 2012\Projects\轨道编辑器\轨道执行器\Debug\link-rc.read.1.tlog
D:\Users\Dell\Documents\Visual Studio 2012\Projects\轨道编辑器\轨道执行器\Debug\link-rc.write.1.tlog
D:\Users\Dell\Documents\Visual Studio 2012\Projects\轨道编辑器\轨道执行器\Debug\link.10112-cvtres.read.1.tlog
D:\Users\Dell\Documents\Visual Studio 2012\Projects\轨道编辑器\轨道执行器\Debug\link.10112-cvtres.write.1.tlog
D:\Users\Dell\Documents\Visual Studio 2012\Projects\轨道编辑器\轨道执行器\Debug\link.10112-rc.read.1.tlog
D:\Users\Dell\Documents\Visual Studio 2012\Projects\轨道编辑器\轨道执行器\Debug\link.10112-rc.write.1.tlog
D:\Users\Dell\Documents\Visual Studio 2012\Projects\轨道编辑器\轨道执行器\Debug\link.10112.read.1.tlog
D:\Users\Dell\Documents\Visual Studio 2012\Projects\轨道编辑器\轨道执行器\Debug\link.10112.write.1.tlog
D:\Users\Dell\Documents\Visual Studio 2012\Projects\轨道编辑器\轨道执行器\Debug\link.10544-cvtres.read.1.tlog
D:\Users\Dell\Documents\Visual Studio 2012\Projects\轨道编辑器\轨道执行器\Debug\link.10544-cvtres.write.1.tlog
D:\Users\Dell\Documents\Visual Studio 2012\Projects\轨道编辑器\轨道执行器\Debug\link.10544-rc.read.1.tlog
D:\Users\Dell\Documents\Visual Studio 2012\Projects\轨道编辑器\轨道执行器\Debug\link.10544-rc.write.1.tlog
D:\Users\Dell\Documents\Visual Studio 2012\Projects\轨道编辑器\轨道执行器\Debug\link.10544.read.1.tlog
D:\Users\Dell\Documents\Visual Studio 2012\Projects\轨道编辑器\轨道执行器\Debug\link.10544.write.1.tlog
D:\Users\Dell\Documents\Visual Studio 2012\Projects\轨道编辑器\轨道执行器\Debug\link.10844-cvtres.read.1.tlog
D:\Users\Dell\Documents\Visual Studio 2012\Projects\轨道编辑器\轨道执行器\Debug\link.10844-cvtres.write.1.tlog
D:\Users\Dell\Documents\Visual Studio 2012\Projects\轨道编辑器\轨道执行器\Debug\link.10844-rc.read.1.tlog
D:\Users\Dell\Documents\Visual Studio 2012\Projects\轨道编辑器\轨道执行器\Debug\link.10844-rc.write.1.tlog
D:\Users\Dell\Documents\Visual Studio 2012\Projects\轨道编辑器\轨道执行器\Debug\link.10844.read.1.tlog
D:\Users\Dell\Documents\Visual Studio 2012\Projects\轨道编辑器\轨道执行器\Debug\link.10844.write.1.tlog
D:\Users\Dell\Documents\Visual Studio 2012\Projects\轨道编辑器\轨道执行器\Debug\link.11320-cvtres.read.1.tlog
D:\Users\Dell\Documents\Visual Studio 2012\Projects\轨道编辑器\轨道执行器\Debug\link.11320-cvtres.write.1.tlog
D:\Users\Dell\Documents\Visual Studio 2012\Projects\轨道编辑器\轨道执行器\Debug\link.11320-rc.read.1.tlog
D:\Users\Dell\Documents\Visual Studio 2012\Projects\轨道编辑器\轨道执行器\Debug\link.11320-rc.write.1.tlog
D:\Users\Dell\Documents\Visual Studio 2012\Projects\轨道编辑器\轨道执行器\Debug\link.11320.read.1.tlog
D:\Users\Dell\Documents\Visual Studio 2012\Projects\轨道编辑器\轨道执行器\Debug\link.11320.write.1.tlog
D:\Users\Dell\Documents\Visual Studio 2012\Projects\轨道编辑器\轨道执行器\Debug\link.11388-cvtres.read.1.tlog
D:\Users\Dell\Documents\Visual Studio 2012\Projects\轨道编辑器\轨道执行器\Debug\link.11388-cvtres.write.1.tlog
D:\Users\Dell\Documents\Visual Studio 2012\Projects\轨道编辑器\轨道执行器\Debug\link.11388-rc.read.1.tlog
D:\Users\Dell\Documents\Visual Studio 2012\Projects\轨道编辑器\轨道执行器\Debug\link.11388-rc.write.1.tlog
D:\Users\Dell\Documents\Visual Studio 2012\Projects\轨道编辑器\轨道执行器\Debug\link.11388.read.1.tlog
D:\Users\Dell\Documents\Visual Studio 2012\Projects\轨道编辑器\轨道执行器\Debug\link.11388.write.1.tlog
D:\Users\Dell\Documents\Visual Studio 2012\Projects\轨道编辑器\轨道执行器\Debug\link.11628-cvtres.read.1.tlog
D:\Users\Dell\Documents\Visual Studio 2012\Projects\轨道编辑器\轨道执行器\Debug\link.11628-cvtres.write.1.tlog
D:\Users\Dell\Documents\Visual Studio 2012\Projects\轨道编辑器\轨道执行器\Debug\link.11628-rc.read.1.tlog
D:\Users\Dell\Documents\Visual Studio 2012\Projects\轨道编辑器\轨道执行器\Debug\link.11628-rc.write.1.tlog
D:\Users\Dell\Documents\Visual Studio 2012\Projects\轨道编辑器\轨道执行器\Debug\link.11628.read.1.tlog
D:\Users\Dell\Documents\Visual Studio 2012\Projects\轨道编辑器\轨道执行器\Debug\link.11628.write.1.tlog
D:\Users\Dell\Documents\Visual Studio 2012\Projects\轨道编辑器\轨道执行器\Debug\link.11640-cvtres.read.1.tlog
D:\Users\Dell\Documents\Visual Studio 2012\Projects\轨道编辑器\轨道执行器\Debug\link.11640-cvtres.write.1.tlog
D:\Users\Dell\Documents\Visual Studio 2012\Projects\轨道编辑器\轨道执行器\Debug\link.11640-rc.read.1.tlog
D:\Users\Dell\Documents\Visual Studio 2012\Projects\轨道编辑器\轨道执行器\Debug\link.11640-rc.write.1.tlog
D:\Users\Dell\Documents\Visual Studio 2012\Projects\轨道编辑器\轨道执行器\Debug\link.11640.read.1.tlog
D:\Users\Dell\Documents\Visual Studio 2012\Projects\轨道编辑器\轨道执行器\Debug\link.11640.write.1.tlog
D:\Users\Dell\Documents\Visual Studio 2012\Projects\轨道编辑器\轨道执行器\Debug\link.11884-cvtres.read.1.tlog
D:\Users\Dell\Documents\Visual Studio 2012\Projects\轨道编辑器\轨道执行器\Debug\link.11884-cvtres.write.1.tlog
D:\Users\Dell\Documents\Visual Studio 2012\Projects\轨道编辑器\轨道执行器\Debug\link.11884-rc.read.1.tlog
D:\Users\Dell\Documents\Visual Studio 2012\Projects\轨道编辑器\轨道执行器\Debug\link.11884-rc.write.1.tlog
D:\Users\Dell\Documents\Visual Studio 2012\Projects\轨道编辑器\轨道执行器\Debug\link.11884.read.1.tlog
D:\Users\Dell\Documents\Visual Studio 2012\Projects\轨道编辑器\轨道执行器\Debug\link.11884.write.1.tlog
D:\Users\Dell\Documents\Visual Studio 2012\Projects\轨道编辑器\轨道执行器\Debug\link.12060-cvtres.read.1.tlog
D:\Users\Dell\Documents\Visual Studio 2012\Projects\轨道编辑器\轨道执行器\Debug\link.12060-cvtres.write.1.tlog
D:\Users\Dell\Documents\Visual Studio 2012\Projects\轨道编辑器\轨道执行器\Debug\link.12060-rc.read.1.tlog
D:\Users\Dell\Documents\Visual Studio 2012\Projects\轨道编辑器\轨道执行器\Debug\link.12060-rc.write.1.tlog
D:\Users\Dell\Documents\Visual Studio 2012\Projects\轨道编辑器\轨道执行器\Debug\link.12060.read.1.tlog
D:\Users\Dell\Documents\Visual Studio 2012\Projects\轨道编辑器\轨道执行器\Debug\link.12060.write.1.tlog
D:\Users\Dell\Documents\Visual Studio 2012\Projects\轨道编辑器\轨道执行器\Debug\link.12160-cvtres.read.1.tlog
D:\Users\Dell\Documents\Visual Studio 2012\Projects\轨道编辑器\轨道执行器\Debug\link.12160-cvtres.write.1.tlog
D:\Users\Dell\Documents\Visual Studio 2012\Projects\轨道编辑器\轨道执行器\Debug\link.12160-rc.read.1.tlog
D:\Users\Dell\Documents\Visual Studio 2012\Projects\轨道编辑器\轨道执行器\Debug\link.12160-rc.write.1.tlog
D:\Users\Dell\Documents\Visual Studio 2012\Projects\轨道编辑器\轨道执行器\Debug\link.12160.read.1.tlog
D:\Users\Dell\Documents\Visual Studio 2012\Projects\轨道编辑器\轨道执行器\Debug\link.12160.write.1.tlog
D:\Users\Dell\Documents\Visual Studio 2012\Projects\轨道编辑器\轨道执行器\Debug\link.12236-cvtres.read.1.tlog
D:\Users\Dell\Documents\Visual Studio 2012\Projects\轨道编辑器\轨道执行器\Debug\link.12236-cvtres.write.1.tlog
D:\Users\Dell\Documents\Visual Studio 2012\Projects\轨道编辑器\轨道执行器\Debug\link.12236-rc.read.1.tlog
D:\Users\Dell\Documents\Visual Studio 2012\Projects\轨道编辑器\轨道执行器\Debug\link.12236-rc.write.1.tlog
D:\Users\Dell\Documents\Visual Studio 2012\Projects\轨道编辑器\轨道执行器\Debug\link.12236.read.1.tlog
D:\Users\Dell\Documents\Visual Studio 2012\Projects\轨道编辑器\轨道执行器\Debug\link.12236.write.1.tlog
D:\Users\Dell\Documents\Visual Studio 2012\Projects\轨道编辑器\轨道执行器\Debug\link.12312-cvtres.read.1.tlog
D:\Users\Dell\Documents\Visual Studio 2012\Projects\轨道编辑器\轨道执行器\Debug\link.12312-cvtres.write.1.tlog
D:\Users\Dell\Documents\Visual Studio 2012\Projects\轨道编辑器\轨道执行器\Debug\link.12312-rc.read.1.tlog
D:\Users\Dell\Documents\Visual Studio 2012\Projects\轨道编辑器\轨道执行器\Debug\link.12312-rc.write.1.tlog
D:\Users\Dell\Documents\Visual Studio 2012\Projects\轨道编辑器\轨道执行器\Debug\link.12312.read.1.tlog
D:\Users\Dell\Documents\Visual Studio 2012\Projects\轨道编辑器\轨道执行器\Debug\link.12312.write.1.tlog
D:\Users\Dell\Documents\Visual Studio 2012\Projects\轨道编辑器\轨道执行器\Debug\link.12536-cvtres.read.1.tlog
D:\Users\Dell\Documents\Visual Studio 2012\Projects\轨道编辑器\轨道执行器\Debug\link.12536-cvtres.write.1.tlog
D:\Users\Dell\Documents\Visual Studio 2012\Projects\轨道编辑器\轨道执行器\Debug\link.12536-rc.read.1.tlog
D:\Users\Dell\Documents\Visual Studio 2012\Projects\轨道编辑器\轨道执行器\Debug\link.12536-rc.write.1.tlog
D:\Users\Dell\Documents\Visual Studio 2012\Projects\轨道编辑器\轨道执行器\Debug\link.12536.read.1.tlog
D:\Users\Dell\Documents\Visual Studio 2012\Projects\轨道编辑器\轨道执行器\Debug\link.12536.write.1.tlog
D:\Users\Dell\Documents\Visual Studio 2012\Projects\轨道编辑器\轨道执行器\Debug\link.12680-cvtres.read.1.tlog
D:\Users\Dell\Documents\Visual Studio 2012\Projects\轨道编辑器\轨道执行器\Debug\link.12680-cvtres.write.1.tlog
D:\Users\Dell\Documents\Visual Studio 2012\Projects\轨道编辑器\轨道执行器\Debug\link.12680-rc.read.1.tlog
D:\Users\Dell\Documents\Visual Studio 2012\Projects\轨道编辑器\轨道执行器\Debug\link.12680-rc.write.1.tlog
D:\Users\Dell\Documents\Visual Studio 2012\Projects\轨道编辑器\轨道执行器\Debug\link.12680.read.1.tlog
D:\Users\Dell\Documents\Visual Studio 2012\Projects\轨道编辑器\轨道执行器\Debug\link.12680.write.1.tlog
D:\Users\Dell\Documents\Visual Studio 2012\Projects\轨道编辑器\轨道执行器\Debug\link.12928-cvtres.read.1.tlog
D:\Users\Dell\Documents\Visual Studio 2012\Projects\轨道编辑器\轨道执行器\Debug\link.12928-cvtres.write.1.tlog
D:\Users\Dell\Documents\Visual Studio 2012\Projects\轨道编辑器\轨道执行器\Debug\link.12928-rc.read.1.tlog
D:\Users\Dell\Documents\Visual Studio 2012\Projects\轨道编辑器\轨道执行器\Debug\link.12928-rc.write.1.tlog
D:\Users\Dell\Documents\Visual Studio 2012\Projects\轨道编辑器\轨道执行器\Debug\link.12928.read.1.tlog
D:\Users\Dell\Documents\Visual Studio 2012\Projects\轨道编辑器\轨道执行器\Debug\link.12928.write.1.tlog
D:\Users\Dell\Documents\Visual Studio 2012\Projects\轨道编辑器\轨道执行器\Debug\link.13020-cvtres.read.1.tlog
D:\Users\Dell\Documents\Visual Studio 2012\Projects\轨道编辑器\轨道执行器\Debug\link.13020-cvtres.write.1.tlog
D:\Users\Dell\Documents\Visual Studio 2012\Projects\轨道编辑器\轨道执行器\Debug\link.13020-rc.read.1.tlog
D:\Users\Dell\Documents\Visual Studio 2012\Projects\轨道编辑器\轨道执行器\Debug\link.13020-rc.write.1.tlog
D:\Users\Dell\Documents\Visual Studio 2012\Projects\轨道编辑器\轨道执行器\Debug\link.13020.read.1.tlog
D:\Users\Dell\Documents\Visual Studio 2012\Projects\轨道编辑器\轨道执行器\Debug\link.13020.write.1.tlog
D:\Users\Dell\Documents\Visual Studio 2012\Projects\轨道编辑器\轨道执行器\Debug\link.13204-cvtres.read.1.tlog
D:\Users\Dell\Documents\Visual Studio 2012\Projects\轨道编辑器\轨道执行器\Debug\link.13204-cvtres.write.1.tlog
D:\Users\Dell\Documents\Visual Studio 2012\Projects\轨道编辑器\轨道执行器\Debug\link.13204-rc.read.1.tlog
D:\Users\Dell\Documents\Visual Studio 2012\Projects\轨道编辑器\轨道执行器\Debug\link.13204-rc.write.1.tlog
D:\Users\Dell\Documents\Visual Studio 2012\Projects\轨道编辑器\轨道执行器\Debug\link.13204.read.1.tlog
D:\Users\Dell\Documents\Visual Studio 2012\Projects\轨道编辑器\轨道执行器\Debug\link.13204.write.1.tlog
D:\Users\Dell\Documents\Visual Studio 2012\Projects\轨道编辑器\轨道执行器\Debug\link.13244-cvtres.read.1.tlog
D:\Users\Dell\Documents\Visual Studio 2012\Projects\轨道编辑器\轨道执行器\Debug\link.13244-cvtres.write.1.tlog
D:\Users\Dell\Documents\Visual Studio 2012\Projects\轨道编辑器\轨道执行器\Debug\link.13244-rc.read.1.tlog
D:\Users\Dell\Documents\Visual Studio 2012\Projects\轨道编辑器\轨道执行器\Debug\link.13244-rc.write.1.tlog
D:\Users\Dell\Documents\Visual Studio 2012\Projects\轨道编辑器\轨道执行器\Debug\link.13244.read.1.tlog
D:\Users\Dell\Documents\Visual Studio 2012\Projects\轨道编辑器\轨道执行器\Debug\link.13244.write.1.tlog
D:\Users\Dell\Documents\Visual Studio 2012\Projects\轨道编辑器\轨道执行器\Debug\link.13540-cvtres.read.1.tlog
D:\Users\Dell\Documents\Visual Studio 2012\Projects\轨道编辑器\轨道执行器\Debug\link.13540-cvtres.write.1.tlog
D:\Users\Dell\Documents\Visual Studio 2012\Projects\轨道编辑器\轨道执行器\Debug\link.13540-rc.read.1.tlog
D:\Users\Dell\Documents\Visual Studio 2012\Projects\轨道编辑器\轨道执行器\Debug\link.13540-rc.write.1.tlog
D:\Users\Dell\Documents\Visual Studio 2012\Projects\轨道编辑器\轨道执行器\Debug\link.13540.read.1.tlog
D:\Users\Dell\Documents\Visual Studio 2012\Projects\轨道编辑器\轨道执行器\Debug\link.13540.write.1.tlog
D:\Users\Dell\Documents\Visual Studio 2012\Projects\轨道编辑器\轨道执行器\Debug\link.1376-cvtres.read.1.tlog
D:\Users\Dell\Documents\Visual Studio 2012\Projects\轨道编辑器\轨道执行器\Debug\link.1376-cvtres.write.1.tlog
D:\Users\Dell\Documents\Visual Studio 2012\Projects\轨道编辑器\轨道执行器\Debug\link.1376-rc.read.1.tlog
D:\Users\Dell\Documents\Visual Studio 2012\Projects\轨道编辑器\轨道执行器\Debug\link.1376-rc.write.1.tlog
D:\Users\Dell\Documents\Visual Studio 2012\Projects\轨道编辑器\轨道执行器\Debug\link.1376.read.1.tlog
D:\Users\Dell\Documents\Visual Studio 2012\Projects\轨道编辑器\轨道执行器\Debug\link.1376.write.1.tlog
D:\Users\Dell\Documents\Visual Studio 2012\Projects\轨道编辑器\轨道执行器\Debug\link.13904-cvtres.read.1.tlog
D:\Users\Dell\Documents\Visual Studio 2012\Projects\轨道编辑器\轨道执行器\Debug\link.13904-cvtres.write.1.tlog
D:\Users\Dell\Documents\Visual Studio 2012\Projects\轨道编辑器\轨道执行器\Debug\link.13904-rc.read.1.tlog
D:\Users\Dell\Documents\Visual Studio 2012\Projects\轨道编辑器\轨道执行器\Debug\link.13904-rc.write.1.tlog
D:\Users\Dell\Documents\Visual Studio 2012\Projects\轨道编辑器\轨道执行器\Debug\link.13904.read.1.tlog
D:\Users\Dell\Documents\Visual Studio 2012\Projects\轨道编辑器\轨道执行器\Debug\link.13904.write.1.tlog
D:\Users\Dell\Documents\Visual Studio 2012\Projects\轨道编辑器\轨道执行器\Debug\link.13952-cvtres.read.1.tlog
D:\Users\Dell\Documents\Visual Studio 2012\Projects\轨道编辑器\轨道执行器\Debug\link.13952-cvtres.write.1.tlog
D:\Users\Dell\Documents\Visual Studio 2012\Projects\轨道编辑器\轨道执行器\Debug\link.13952-rc.read.1.tlog
D:\Users\Dell\Documents\Visual Studio 2012\Projects\轨道编辑器\轨道执行器\Debug\link.13952-rc.write.1.tlog
D:\Users\Dell\Documents\Visual Studio 2012\Projects\轨道编辑器\轨道执行器\Debug\link.13952.read.1.tlog
D:\Users\Dell\Documents\Visual Studio 2012\Projects\轨道编辑器\轨道执行器\Debug\link.13952.write.1.tlog
D:\Users\Dell\Documents\Visual Studio 2012\Projects\轨道编辑器\轨道执行器\Debug\link.14208-cvtres.read.1.tlog
D:\Users\Dell\Documents\Visual Studio 2012\Projects\轨道编辑器\轨道执行器\Debug\link.14208-cvtres.write.1.tlog
D:\Users\Dell\Documents\Visual Studio 2012\Projects\轨道编辑器\轨道执行器\Debug\link.14208-rc.read.1.tlog
D:\Users\Dell\Documents\Visual Studio 2012\Projects\轨道编辑器\轨道执行器\Debug\link.14208-rc.write.1.tlog
D:\Users\Dell\Documents\Visual Studio 2012\Projects\轨道编辑器\轨道执行器\Debug\link.14208.read.1.tlog
D:\Users\Dell\Documents\Visual Studio 2012\Projects\轨道编辑器\轨道执行器\Debug\link.14208.write.1.tlog
D:\Users\Dell\Documents\Visual Studio 2012\Projects\轨道编辑器\轨道执行器\Debug\link.14284-cvtres.read.1.tlog
D:\Users\Dell\Documents\Visual Studio 2012\Projects\轨道编辑器\轨道执行器\Debug\link.14284-cvtres.write.1.tlog
D:\Users\Dell\Documents\Visual Studio 2012\Projects\轨道编辑器\轨道执行器\Debug\link.14284-rc.read.1.tlog
D:\Users\Dell\Documents\Visual Studio 2012\Projects\轨道编辑器\轨道执行器\Debug\link.14284-rc.write.1.tlog
D:\Users\Dell\Documents\Visual Studio 2012\Projects\轨道编辑器\轨道执行器\Debug\link.14284.read.1.tlog
D:\Users\Dell\Documents\Visual Studio 2012\Projects\轨道编辑器\轨道执行器\Debug\link.14284.write.1.tlog
D:\Users\Dell\Documents\Visual Studio 2012\Projects\轨道编辑器\轨道执行器\Debug\link.1488-cvtres.read.1.tlog
D:\Users\Dell\Documents\Visual Studio 2012\Projects\轨道编辑器\轨道执行器\Debug\link.1488-cvtres.write.1.tlog
D:\Users\Dell\Documents\Visual Studio 2012\Projects\轨道编辑器\轨道执行器\Debug\link.1488-rc.read.1.tlog
D:\Users\Dell\Documents\Visual Studio 2012\Projects\轨道编辑器\轨道执行器\Debug\link.1488-rc.write.1.tlog
D:\Users\Dell\Documents\Visual Studio 2012\Projects\轨道编辑器\轨道执行器\Debug\link.1488.read.1.tlog
D:\Users\Dell\Documents\Visual Studio 2012\Projects\轨道编辑器\轨道执行器\Debug\link.1488.write.1.tlog
D:\Users\Dell\Documents\Visual Studio 2012\Projects\轨道编辑器\轨道执行器\Debug\link.14988-cvtres.read.1.tlog
D:\Users\Dell\Documents\Visual Studio 2012\Projects\轨道编辑器\轨道执行器\Debug\link.14988-cvtres.write.1.tlog
D:\Users\Dell\Documents\Visual Studio 2012\Projects\轨道编辑器\轨道执行器\Debug\link.14988-rc.read.1.tlog
D:\Users\Dell\Documents\Visual Studio 2012\Projects\轨道编辑器\轨道执行器\Debug\link.14988-rc.write.1.tlog
D:\Users\Dell\Documents\Visual Studio 2012\Projects\轨道编辑器\轨道执行器\Debug\link.14988.read.1.tlog
D:\Users\Dell\Documents\Visual Studio 2012\Projects\轨道编辑器\轨道执行器\Debug\link.14988.write.1.tlog
D:\Users\Dell\Documents\Visual Studio 2012\Projects\轨道编辑器\轨道执行器\Debug\link.15292-cvtres.read.1.tlog
D:\Users\Dell\Documents\Visual Studio 2012\Projects\轨道编辑器\轨道执行器\Debug\link.15292-cvtres.write.1.tlog
D:\Users\Dell\Documents\Visual Studio 2012\Projects\轨道编辑器\轨道执行器\Debug\link.15292-rc.read.1.tlog
D:\Users\Dell\Documents\Visual Studio 2012\Projects\轨道编辑器\轨道执行器\Debug\link.15292-rc.write.1.tlog
D:\Users\Dell\Documents\Visual Studio 2012\Projects\轨道编辑器\轨道执行器\Debug\link.15292.read.1.tlog
D:\Users\Dell\Documents\Visual Studio 2012\Projects\轨道编辑器\轨道执行器\Debug\link.15292.write.1.tlog
D:\Users\Dell\Documents\Visual Studio 2012\Projects\轨道编辑器\轨道执行器\Debug\link.15720-cvtres.read.1.tlog
D:\Users\Dell\Documents\Visual Studio 2012\Projects\轨道编辑器\轨道执行器\Debug\link.15720-cvtres.write.1.tlog
D:\Users\Dell\Documents\Visual Studio 2012\Projects\轨道编辑器\轨道执行器\Debug\link.15720-rc.read.1.tlog
D:\Users\Dell\Documents\Visual Studio 2012\Projects\轨道编辑器\轨道执行器\Debug\link.15720-rc.write.1.tlog
D:\Users\Dell\Documents\Visual Studio 2012\Projects\轨道编辑器\轨道执行器\Debug\link.15720.read.1.tlog
D:\Users\Dell\Documents\Visual Studio 2012\Projects\轨道编辑器\轨道执行器\Debug\link.15720.write.1.tlog
D:\Users\Dell\Documents\Visual Studio 2012\Projects\轨道编辑器\轨道执行器\Debug\link.15996-cvtres.read.1.tlog
D:\Users\Dell\Documents\Visual Studio 2012\Projects\轨道编辑器\轨道执行器\Debug\link.15996-cvtres.write.1.tlog
D:\Users\Dell\Documents\Visual Studio 2012\Projects\轨道编辑器\轨道执行器\Debug\link.15996-rc.read.1.tlog
D:\Users\Dell\Documents\Visual Studio 2012\Projects\轨道编辑器\轨道执行器\Debug\link.15996-rc.write.1.tlog
D:\Users\Dell\Documents\Visual Studio 2012\Projects\轨道编辑器\轨道执行器\Debug\link.15996.read.1.tlog
D:\Users\Dell\Documents\Visual Studio 2012\Projects\轨道编辑器\轨道执行器\Debug\link.15996.write.1.tlog
D:\Users\Dell\Documents\Visual Studio 2012\Projects\轨道编辑器\轨道执行器\Debug\link.16132-cvtres.read.1.tlog
D:\Users\Dell\Documents\Visual Studio 2012\Projects\轨道编辑器\轨道执行器\Debug\link.16132-cvtres.write.1.tlog
D:\Users\Dell\Documents\Visual Studio 2012\Projects\轨道编辑器\轨道执行器\Debug\link.16132-rc.read.1.tlog
D:\Users\Dell\Documents\Visual Studio 2012\Projects\轨道编辑器\轨道执行器\Debug\link.16132-rc.write.1.tlog
D:\Users\Dell\Documents\Visual Studio 2012\Projects\轨道编辑器\轨道执行器\Debug\link.16132.read.1.tlog
D:\Users\Dell\Documents\Visual Studio 2012\Projects\轨道编辑器\轨道执行器\Debug\link.16132.write.1.tlog
D:\Users\Dell\Documents\Visual Studio 2012\Projects\轨道编辑器\轨道执行器\Debug\link.16724-cvtres.read.1.tlog
D:\Users\Dell\Documents\Visual Studio 2012\Projects\轨道编辑器\轨道执行器\Debug\link.16724-cvtres.write.1.tlog
D:\Users\Dell\Documents\Visual Studio 2012\Projects\轨道编辑器\轨道执行器\Debug\link.16724-rc.read.1.tlog
D:\Users\Dell\Documents\Visual Studio 2012\Projects\轨道编辑器\轨道执行器\Debug\link.16724-rc.write.1.tlog
D:\Users\Dell\Documents\Visual Studio 2012\Projects\轨道编辑器\轨道执行器\Debug\link.16724.read.1.tlog
D:\Users\Dell\Documents\Visual Studio 2012\Projects\轨道编辑器\轨道执行器\Debug\link.16724.write.1.tlog
D:\Users\Dell\Documents\Visual Studio 2012\Projects\轨道编辑器\轨道执行器\Debug\link.17456-cvtres.read.1.tlog
D:\Users\Dell\Documents\Visual Studio 2012\Projects\轨道编辑器\轨道执行器\Debug\link.17456-cvtres.write.1.tlog
D:\Users\Dell\Documents\Visual Studio 2012\Projects\轨道编辑器\轨道执行器\Debug\link.17456-rc.read.1.tlog
D:\Users\Dell\Documents\Visual Studio 2012\Projects\轨道编辑器\轨道执行器\Debug\link.17456-rc.write.1.tlog
D:\Users\Dell\Documents\Visual Studio 2012\Projects\轨道编辑器\轨道执行器\Debug\link.17456.read.1.tlog
D:\Users\Dell\Documents\Visual Studio 2012\Projects\轨道编辑器\轨道执行器\Debug\link.17456.write.1.tlog
D:\Users\Dell\Documents\Visual Studio 2012\Projects\轨道编辑器\轨道执行器\Debug\link.18280-cvtres.read.1.tlog
D:\Users\Dell\Documents\Visual Studio 2012\Projects\轨道编辑器\轨道执行器\Debug\link.18280-cvtres.write.1.tlog
D:\Users\Dell\Documents\Visual Studio 2012\Projects\轨道编辑器\轨道执行器\Debug\link.18280-rc.read.1.tlog
D:\Users\Dell\Documents\Visual Studio 2012\Projects\轨道编辑器\轨道执行器\Debug\link.18280-rc.write.1.tlog
D:\Users\Dell\Documents\Visual Studio 2012\Projects\轨道编辑器\轨道执行器\Debug\link.18280.read.1.tlog
D:\Users\Dell\Documents\Visual Studio 2012\Projects\轨道编辑器\轨道执行器\Debug\link.18280.write.1.tlog
D:\Users\Dell\Documents\Visual Studio 2012\Projects\轨道编辑器\轨道执行器\Debug\link.18396-cvtres.read.1.tlog
D:\Users\Dell\Documents\Visual Studio 2012\Projects\轨道编辑器\轨道执行器\Debug\link.18396-cvtres.write.1.tlog
D:\Users\Dell\Documents\Visual Studio 2012\Projects\轨道编辑器\轨道执行器\Debug\link.18396-rc.read.1.tlog
D:\Users\Dell\Documents\Visual Studio 2012\Projects\轨道编辑器\轨道执行器\Debug\link.18396-rc.write.1.tlog
D:\Users\Dell\Documents\Visual Studio 2012\Projects\轨道编辑器\轨道执行器\Debug\link.18396.read.1.tlog
D:\Users\Dell\Documents\Visual Studio 2012\Projects\轨道编辑器\轨道执行器\Debug\link.18396.write.1.tlog
D:\Users\Dell\Documents\Visual Studio 2012\Projects\轨道编辑器\轨道执行器\Debug\link.2136-cvtres.read.1.tlog
D:\Users\Dell\Documents\Visual Studio 2012\Projects\轨道编辑器\轨道执行器\Debug\link.2136-cvtres.write.1.tlog
D:\Users\Dell\Documents\Visual Studio 2012\Projects\轨道编辑器\轨道执行器\Debug\link.2136-rc.read.1.tlog
D:\Users\Dell\Documents\Visual Studio 2012\Projects\轨道编辑器\轨道执行器\Debug\link.2136-rc.write.1.tlog
D:\Users\Dell\Documents\Visual Studio 2012\Projects\轨道编辑器\轨道执行器\Debug\link.2136.read.1.tlog
D:\Users\Dell\Documents\Visual Studio 2012\Projects\轨道编辑器\轨道执行器\Debug\link.2136.write.1.tlog
D:\Users\Dell\Documents\Visual Studio 2012\Projects\轨道编辑器\轨道执行器\Debug\link.2588-cvtres.read.1.tlog
D:\Users\Dell\Documents\Visual Studio 2012\Projects\轨道编辑器\轨道执行器\Debug\link.2588-cvtres.write.1.tlog
D:\Users\Dell\Documents\Visual Studio 2012\Projects\轨道编辑器\轨道执行器\Debug\link.2588-rc.read.1.tlog
D:\Users\Dell\Documents\Visual Studio 2012\Projects\轨道编辑器\轨道执行器\Debug\link.2588-rc.write.1.tlog
D:\Users\Dell\Documents\Visual Studio 2012\Projects\轨道编辑器\轨道执行器\Debug\link.2588.read.1.tlog
D:\Users\Dell\Documents\Visual Studio 2012\Projects\轨道编辑器\轨道执行器\Debug\link.2588.write.1.tlog
D:\Users\Dell\Documents\Visual Studio 2012\Projects\轨道编辑器\轨道执行器\Debug\link.2780-cvtres.read.1.tlog
D:\Users\Dell\Documents\Visual Studio 2012\Projects\轨道编辑器\轨道执行器\Debug\link.2780-cvtres.write.1.tlog
D:\Users\Dell\Documents\Visual Studio 2012\Projects\轨道编辑器\轨道执行器\Debug\link.2780-rc.read.1.tlog
D:\Users\Dell\Documents\Visual Studio 2012\Projects\轨道编辑器\轨道执行器\Debug\link.2780-rc.write.1.tlog
D:\Users\Dell\Documents\Visual Studio 2012\Projects\轨道编辑器\轨道执行器\Debug\link.2780.read.1.tlog
D:\Users\Dell\Documents\Visual Studio 2012\Projects\轨道编辑器\轨道执行器\Debug\link.2780.write.1.tlog
D:\Users\Dell\Documents\Visual Studio 2012\Projects\轨道编辑器\轨道执行器\Debug\link.2896-cvtres.read.1.tlog
D:\Users\Dell\Documents\Visual Studio 2012\Projects\轨道编辑器\轨道执行器\Debug\link.2896-cvtres.write.1.tlog
D:\Users\Dell\Documents\Visual Studio 2012\Projects\轨道编辑器\轨道执行器\Debug\link.2896-rc.read.1.tlog
D:\Users\Dell\Documents\Visual Studio 2012\Projects\轨道编辑器\轨道执行器\Debug\link.2896-rc.write.1.tlog
D:\Users\Dell\Documents\Visual Studio 2012\Projects\轨道编辑器\轨道执行器\Debug\link.2896.read.1.tlog
D:\Users\Dell\Documents\Visual Studio 2012\Projects\轨道编辑器\轨道执行器\Debug\link.2896.write.1.tlog
D:\Users\Dell\Documents\Visual Studio 2012\Projects\轨道编辑器\轨道执行器\Debug\link.2944-cvtres.read.1.tlog
D:\Users\Dell\Documents\Visual Studio 2012\Projects\轨道编辑器\轨道执行器\Debug\link.2944-cvtres.write.1.tlog
D:\Users\Dell\Documents\Visual Studio 2012\Projects\轨道编辑器\轨道执行器\Debug\link.2944-rc.read.1.tlog
D:\Users\Dell\Documents\Visual Studio 2012\Projects\轨道编辑器\轨道执行器\Debug\link.2944-rc.write.1.tlog
D:\Users\Dell\Documents\Visual Studio 2012\Projects\轨道编辑器\轨道执行器\Debug\link.2944.read.1.tlog
D:\Users\Dell\Documents\Visual Studio 2012\Projects\轨道编辑器\轨道执行器\Debug\link.2944.write.1.tlog
D:\Users\Dell\Documents\Visual Studio 2012\Projects\轨道编辑器\轨道执行器\Debug\link.2960-cvtres.read.1.tlog
D:\Users\Dell\Documents\Visual Studio 2012\Projects\轨道编辑器\轨道执行器\Debug\link.2960-cvtres.write.1.tlog
D:\Users\Dell\Documents\Visual Studio 2012\Projects\轨道编辑器\轨道执行器\Debug\link.2960-rc.read.1.tlog
D:\Users\Dell\Documents\Visual Studio 2012\Projects\轨道编辑器\轨道执行器\Debug\link.2960-rc.write.1.tlog
D:\Users\Dell\Documents\Visual Studio 2012\Projects\轨道编辑器\轨道执行器\Debug\link.2960.read.1.tlog
D:\Users\Dell\Documents\Visual Studio 2012\Projects\轨道编辑器\轨道执行器\Debug\link.2960.write.1.tlog
D:\Users\Dell\Documents\Visual Studio 2012\Projects\轨道编辑器\轨道执行器\Debug\link.3044-cvtres.read.1.tlog
D:\Users\Dell\Documents\Visual Studio 2012\Projects\轨道编辑器\轨道执行器\Debug\link.3044-cvtres.write.1.tlog
D:\Users\Dell\Documents\Visual Studio 2012\Projects\轨道编辑器\轨道执行器\Debug\link.3044-rc.read.1.tlog
D:\Users\Dell\Documents\Visual Studio 2012\Projects\轨道编辑器\轨道执行器\Debug\link.3044-rc.write.1.tlog
D:\Users\Dell\Documents\Visual Studio 2012\Projects\轨道编辑器\轨道执行器\Debug\link.3044.read.1.tlog
D:\Users\Dell\Documents\Visual Studio 2012\Projects\轨道编辑器\轨道执行器\Debug\link.3044.write.1.tlog
D:\Users\Dell\Documents\Visual Studio 2012\Projects\轨道编辑器\轨道执行器\Debug\link.3696-cvtres.read.1.tlog
D:\Users\Dell\Documents\Visual Studio 2012\Projects\轨道编辑器\轨道执行器\Debug\link.3696-cvtres.write.1.tlog
D:\Users\Dell\Documents\Visual Studio 2012\Projects\轨道编辑器\轨道执行器\Debug\link.3696-rc.read.1.tlog
D:\Users\Dell\Documents\Visual Studio 2012\Projects\轨道编辑器\轨道执行器\Debug\link.3696-rc.write.1.tlog
D:\Users\Dell\Documents\Visual Studio 2012\Projects\轨道编辑器\轨道执行器\Debug\link.3696.read.1.tlog
D:\Users\Dell\Documents\Visual Studio 2012\Projects\轨道编辑器\轨道执行器\Debug\link.3696.write.1.tlog
D:\Users\Dell\Documents\Visual Studio 2012\Projects\轨道编辑器\轨道执行器\Debug\link.4056-cvtres.read.1.tlog
D:\Users\Dell\Documents\Visual Studio 2012\Projects\轨道编辑器\轨道执行器\Debug\link.4056-cvtres.write.1.tlog
D:\Users\Dell\Documents\Visual Studio 2012\Projects\轨道编辑器\轨道执行器\Debug\link.4056-rc.read.1.tlog
D:\Users\Dell\Documents\Visual Studio 2012\Projects\轨道编辑器\轨道执行器\Debug\link.4056-rc.write.1.tlog
D:\Users\Dell\Documents\Visual Studio 2012\Projects\轨道编辑器\轨道执行器\Debug\link.4056.read.1.tlog
D:\Users\Dell\Documents\Visual Studio 2012\Projects\轨道编辑器\轨道执行器\Debug\link.4056.write.1.tlog
D:\Users\Dell\Documents\Visual Studio 2012\Projects\轨道编辑器\轨道执行器\Debug\link.448-cvtres.read.1.tlog
D:\Users\Dell\Documents\Visual Studio 2012\Projects\轨道编辑器\轨道执行器\Debug\link.448-cvtres.write.1.tlog
D:\Users\Dell\Documents\Visual Studio 2012\Projects\轨道编辑器\轨道执行器\Debug\link.448-rc.read.1.tlog
D:\Users\Dell\Documents\Visual Studio 2012\Projects\轨道编辑器\轨道执行器\Debug\link.448-rc.write.1.tlog
D:\Users\Dell\Documents\Visual Studio 2012\Projects\轨道编辑器\轨道执行器\Debug\link.448.read.1.tlog
D:\Users\Dell\Documents\Visual Studio 2012\Projects\轨道编辑器\轨道执行器\Debug\link.448.write.1.tlog
D:\Users\Dell\Documents\Visual Studio 2012\Projects\轨道编辑器\轨道执行器\Debug\link.4484-cvtres.read.1.tlog
D:\Users\Dell\Documents\Visual Studio 2012\Projects\轨道编辑器\轨道执行器\Debug\link.4484-cvtres.write.1.tlog
D:\Users\Dell\Documents\Visual Studio 2012\Projects\轨道编辑器\轨道执行器\Debug\link.4484-rc.read.1.tlog
D:\Users\Dell\Documents\Visual Studio 2012\Projects\轨道编辑器\轨道执行器\Debug\link.4484-rc.write.1.tlog
D:\Users\Dell\Documents\Visual Studio 2012\Projects\轨道编辑器\轨道执行器\Debug\link.4484.read.1.tlog
D:\Users\Dell\Documents\Visual Studio 2012\Projects\轨道编辑器\轨道执行器\Debug\link.4484.write.1.tlog
D:\Users\Dell\Documents\Visual Studio 2012\Projects\轨道编辑器\轨道执行器\Debug\link.4644-cvtres.read.1.tlog
D:\Users\Dell\Documents\Visual Studio 2012\Projects\轨道编辑器\轨道执行器\Debug\link.4644-cvtres.write.1.tlog
D:\Users\Dell\Documents\Visual Studio 2012\Projects\轨道编辑器\轨道执行器\Debug\link.4644-rc.read.1.tlog
D:\Users\Dell\Documents\Visual Studio 2012\Projects\轨道编辑器\轨道执行器\Debug\link.4644-rc.write.1.tlog
D:\Users\Dell\Documents\Visual Studio 2012\Projects\轨道编辑器\轨道执行器\Debug\link.4644.read.1.tlog
D:\Users\Dell\Documents\Visual Studio 2012\Projects\轨道编辑器\轨道执行器\Debug\link.4644.write.1.tlog
D:\Users\Dell\Documents\Visual Studio 2012\Projects\轨道编辑器\轨道执行器\Debug\link.4668-cvtres.read.1.tlog
D:\Users\Dell\Documents\Visual Studio 2012\Projects\轨道编辑器\轨道执行器\Debug\link.4668-cvtres.write.1.tlog
D:\Users\Dell\Documents\Visual Studio 2012\Projects\轨道编辑器\轨道执行器\Debug\link.4668-rc.read.1.tlog
D:\Users\Dell\Documents\Visual Studio 2012\Projects\轨道编辑器\轨道执行器\Debug\link.4668-rc.write.1.tlog
D:\Users\Dell\Documents\Visual Studio 2012\Projects\轨道编辑器\轨道执行器\Debug\link.4668.read.1.tlog
D:\Users\Dell\Documents\Visual Studio 2012\Projects\轨道编辑器\轨道执行器\Debug\link.4668.write.1.tlog
D:\Users\Dell\Documents\Visual Studio 2012\Projects\轨道编辑器\轨道执行器\Debug\link.4884-cvtres.read.1.tlog
D:\Users\Dell\Documents\Visual Studio 2012\Projects\轨道编辑器\轨道执行器\Debug\link.4884-cvtres.write.1.tlog
D:\Users\Dell\Documents\Visual Studio 2012\Projects\轨道编辑器\轨道执行器\Debug\link.4884-rc.read.1.tlog
D:\Users\Dell\Documents\Visual Studio 2012\Projects\轨道编辑器\轨道执行器\Debug\link.4884-rc.write.1.tlog
D:\Users\Dell\Documents\Visual Studio 2012\Projects\轨道编辑器\轨道执行器\Debug\link.4884.read.1.tlog
D:\Users\Dell\Documents\Visual Studio 2012\Projects\轨道编辑器\轨道执行器\Debug\link.4884.write.1.tlog
D:\Users\Dell\Documents\Visual Studio 2012\Projects\轨道编辑器\轨道执行器\Debug\link.5536-cvtres.read.1.tlog
D:\Users\Dell\Documents\Visual Studio 2012\Projects\轨道编辑器\轨道执行器\Debug\link.5536-cvtres.write.1.tlog
D:\Users\Dell\Documents\Visual Studio 2012\Projects\轨道编辑器\轨道执行器\Debug\link.5536-rc.read.1.tlog
D:\Users\Dell\Documents\Visual Studio 2012\Projects\轨道编辑器\轨道执行器\Debug\link.5536-rc.write.1.tlog
D:\Users\Dell\Documents\Visual Studio 2012\Projects\轨道编辑器\轨道执行器\Debug\link.5536.read.1.tlog
D:\Users\Dell\Documents\Visual Studio 2012\Projects\轨道编辑器\轨道执行器\Debug\link.5536.write.1.tlog
D:\Users\Dell\Documents\Visual Studio 2012\Projects\轨道编辑器\轨道执行器\Debug\link.6076-cvtres.read.1.tlog
D:\Users\Dell\Documents\Visual Studio 2012\Projects\轨道编辑器\轨道执行器\Debug\link.6076-cvtres.write.1.tlog
D:\Users\Dell\Documents\Visual Studio 2012\Projects\轨道编辑器\轨道执行器\Debug\link.6076-rc.read.1.tlog
D:\Users\Dell\Documents\Visual Studio 2012\Projects\轨道编辑器\轨道执行器\Debug\link.6076-rc.write.1.tlog
D:\Users\Dell\Documents\Visual Studio 2012\Projects\轨道编辑器\轨道执行器\Debug\link.6076.read.1.tlog
D:\Users\Dell\Documents\Visual Studio 2012\Projects\轨道编辑器\轨道执行器\Debug\link.6076.write.1.tlog
D:\Users\Dell\Documents\Visual Studio 2012\Projects\轨道编辑器\轨道执行器\Debug\link.6604-cvtres.read.1.tlog
D:\Users\Dell\Documents\Visual Studio 2012\Projects\轨道编辑器\轨道执行器\Debug\link.6604-cvtres.write.1.tlog
D:\Users\Dell\Documents\Visual Studio 2012\Projects\轨道编辑器\轨道执行器\Debug\link.6604-rc.read.1.tlog
D:\Users\Dell\Documents\Visual Studio 2012\Projects\轨道编辑器\轨道执行器\Debug\link.6604-rc.write.1.tlog
D:\Users\Dell\Documents\Visual Studio 2012\Projects\轨道编辑器\轨道执行器\Debug\link.6604.read.1.tlog
D:\Users\Dell\Documents\Visual Studio 2012\Projects\轨道编辑器\轨道执行器\Debug\link.6604.write.1.tlog
D:\Users\Dell\Documents\Visual Studio 2012\Projects\轨道编辑器\轨道执行器\Debug\link.7348-cvtres.read.1.tlog
D:\Users\Dell\Documents\Visual Studio 2012\Projects\轨道编辑器\轨道执行器\Debug\link.7348-cvtres.write.1.tlog
D:\Users\Dell\Documents\Visual Studio 2012\Projects\轨道编辑器\轨道执行器\Debug\link.7348-rc.read.1.tlog
D:\Users\Dell\Documents\Visual Studio 2012\Projects\轨道编辑器\轨道执行器\Debug\link.7348-rc.write.1.tlog
D:\Users\Dell\Documents\Visual Studio 2012\Projects\轨道编辑器\轨道执行器\Debug\link.7348.read.1.tlog
D:\Users\Dell\Documents\Visual Studio 2012\Projects\轨道编辑器\轨道执行器\Debug\link.7348.write.1.tlog
D:\Users\Dell\Documents\Visual Studio 2012\Projects\轨道编辑器\轨道执行器\Debug\link.7440-cvtres.read.1.tlog
D:\Users\Dell\Documents\Visual Studio 2012\Projects\轨道编辑器\轨道执行器\Debug\link.7440-cvtres.write.1.tlog
D:\Users\Dell\Documents\Visual Studio 2012\Projects\轨道编辑器\轨道执行器\Debug\link.7440-rc.read.1.tlog
D:\Users\Dell\Documents\Visual Studio 2012\Projects\轨道编辑器\轨道执行器\Debug\link.7440-rc.write.1.tlog
D:\Users\Dell\Documents\Visual Studio 2012\Projects\轨道编辑器\轨道执行器\Debug\link.7440.read.1.tlog
D:\Users\Dell\Documents\Visual Studio 2012\Projects\轨道编辑器\轨道执行器\Debug\link.7440.write.1.tlog
D:\Users\Dell\Documents\Visual Studio 2012\Projects\轨道编辑器\轨道执行器\Debug\link.7548-cvtres.read.1.tlog
D:\Users\Dell\Documents\Visual Studio 2012\Projects\轨道编辑器\轨道执行器\Debug\link.7548-cvtres.write.1.tlog
D:\Users\Dell\Documents\Visual Studio 2012\Projects\轨道编辑器\轨道执行器\Debug\link.7548-rc.read.1.tlog
D:\Users\Dell\Documents\Visual Studio 2012\Projects\轨道编辑器\轨道执行器\Debug\link.7548-rc.write.1.tlog
D:\Users\Dell\Documents\Visual Studio 2012\Projects\轨道编辑器\轨道执行器\Debug\link.7548.read.1.tlog
D:\Users\Dell\Documents\Visual Studio 2012\Projects\轨道编辑器\轨道执行器\Debug\link.7548.write.1.tlog
D:\Users\Dell\Documents\Visual Studio 2012\Projects\轨道编辑器\轨道执行器\Debug\link.8156-cvtres.read.1.tlog
D:\Users\Dell\Documents\Visual Studio 2012\Projects\轨道编辑器\轨道执行器\Debug\link.8156-cvtres.write.1.tlog
D:\Users\Dell\Documents\Visual Studio 2012\Projects\轨道编辑器\轨道执行器\Debug\link.8156-rc.read.1.tlog
D:\Users\Dell\Documents\Visual Studio 2012\Projects\轨道编辑器\轨道执行器\Debug\link.8156-rc.write.1.tlog
D:\Users\Dell\Documents\Visual Studio 2012\Projects\轨道编辑器\轨道执行器\Debug\link.8156.read.1.tlog
D:\Users\Dell\Documents\Visual Studio 2012\Projects\轨道编辑器\轨道执行器\Debug\link.8156.write.1.tlog
D:\Users\Dell\Documents\Visual Studio 2012\Projects\轨道编辑器\轨道执行器\Debug\link.8432-cvtres.read.1.tlog
D:\Users\Dell\Documents\Visual Studio 2012\Projects\轨道编辑器\轨道执行器\Debug\link.8432-cvtres.write.1.tlog
D:\Users\Dell\Documents\Visual Studio 2012\Projects\轨道编辑器\轨道执行器\Debug\link.8432-rc.read.1.tlog
D:\Users\Dell\Documents\Visual Studio 2012\Projects\轨道编辑器\轨道执行器\Debug\link.8432-rc.write.1.tlog
D:\Users\Dell\Documents\Visual Studio 2012\Projects\轨道编辑器\轨道执行器\Debug\link.8432.read.1.tlog
D:\Users\Dell\Documents\Visual Studio 2012\Projects\轨道编辑器\轨道执行器\Debug\link.8432.write.1.tlog
D:\Users\Dell\Documents\Visual Studio 2012\Projects\轨道编辑器\轨道执行器\Debug\link.8772-cvtres.read.1.tlog
D:\Users\Dell\Documents\Visual Studio 2012\Projects\轨道编辑器\轨道执行器\Debug\link.8772-cvtres.write.1.tlog
D:\Users\Dell\Documents\Visual Studio 2012\Projects\轨道编辑器\轨道执行器\Debug\link.8772-rc.read.1.tlog
D:\Users\Dell\Documents\Visual Studio 2012\Projects\轨道编辑器\轨道执行器\Debug\link.8772-rc.write.1.tlog
D:\Users\Dell\Documents\Visual Studio 2012\Projects\轨道编辑器\轨道执行器\Debug\link.8772.read.1.tlog
D:\Users\Dell\Documents\Visual Studio 2012\Projects\轨道编辑器\轨道执行器\Debug\link.8772.write.1.tlog
D:\Users\Dell\Documents\Visual Studio 2012\Projects\轨道编辑器\轨道执行器\Debug\link.9328-cvtres.read.1.tlog
D:\Users\Dell\Documents\Visual Studio 2012\Projects\轨道编辑器\轨道执行器\Debug\link.9328-cvtres.write.1.tlog
D:\Users\Dell\Documents\Visual Studio 2012\Projects\轨道编辑器\轨道执行器\Debug\link.9328-rc.read.1.tlog
D:\Users\Dell\Documents\Visual Studio 2012\Projects\轨道编辑器\轨道执行器\Debug\link.9328-rc.write.1.tlog
D:\Users\Dell\Documents\Visual Studio 2012\Projects\轨道编辑器\轨道执行器\Debug\link.9328.read.1.tlog
D:\Users\Dell\Documents\Visual Studio 2012\Projects\轨道编辑器\轨道执行器\Debug\link.9328.write.1.tlog
D:\Users\Dell\Documents\Visual Studio 2012\Projects\轨道编辑器\轨道执行器\Debug\link.9516-cvtres.read.1.tlog
D:\Users\Dell\Documents\Visual Studio 2012\Projects\轨道编辑器\轨道执行器\Debug\link.9516-cvtres.write.1.tlog
D:\Users\Dell\Documents\Visual Studio 2012\Projects\轨道编辑器\轨道执行器\Debug\link.9516-rc.read.1.tlog
D:\Users\Dell\Documents\Visual Studio 2012\Projects\轨道编辑器\轨道执行器\Debug\link.9516-rc.write.1.tlog
D:\Users\Dell\Documents\Visual Studio 2012\Projects\轨道编辑器\轨道执行器\Debug\link.9516.read.1.tlog
D:\Users\Dell\Documents\Visual Studio 2012\Projects\轨道编辑器\轨道执行器\Debug\link.9516.write.1.tlog
D:\Users\Dell\Documents\Visual Studio 2012\Projects\轨道编辑器\轨道执行器\Debug\link.9664-cvtres.read.1.tlog
D:\Users\Dell\Documents\Visual Studio 2012\Projects\轨道编辑器\轨道执行器\Debug\link.9664-cvtres.write.1.tlog
D:\Users\Dell\Documents\Visual Studio 2012\Projects\轨道编辑器\轨道执行器\Debug\link.9664-rc.read.1.tlog
D:\Users\Dell\Documents\Visual Studio 2012\Projects\轨道编辑器\轨道执行器\Debug\link.9664-rc.write.1.tlog
D:\Users\Dell\Documents\Visual Studio 2012\Projects\轨道编辑器\轨道执行器\Debug\link.9664.read.1.tlog
D:\Users\Dell\Documents\Visual Studio 2012\Projects\轨道编辑器\轨道执行器\Debug\link.9664.write.1.tlog
D:\Users\Dell\Documents\Visual Studio 2012\Projects\轨道编辑器\轨道执行器\Debug\link.9680-cvtres.read.1.tlog
D:\Users\Dell\Documents\Visual Studio 2012\Projects\轨道编辑器\轨道执行器\Debug\link.9680-cvtres.write.1.tlog
D:\Users\Dell\Documents\Visual Studio 2012\Projects\轨道编辑器\轨道执行器\Debug\link.9680-rc.read.1.tlog
D:\Users\Dell\Documents\Visual Studio 2012\Projects\轨道编辑器\轨道执行器\Debug\link.9680-rc.write.1.tlog
D:\Users\Dell\Documents\Visual Studio 2012\Projects\轨道编辑器\轨道执行器\Debug\link.9680.read.1.tlog
D:\Users\Dell\Documents\Visual Studio 2012\Projects\轨道编辑器\轨道执行器\Debug\link.9680.write.1.tlog
D:\Users\Dell\Documents\Visual Studio 2012\Projects\轨道编辑器\轨道执行器\Debug\link.9744-cvtres.read.1.tlog
D:\Users\Dell\Documents\Visual Studio 2012\Projects\轨道编辑器\轨道执行器\Debug\link.9744-cvtres.write.1.tlog
D:\Users\Dell\Documents\Visual Studio 2012\Projects\轨道编辑器\轨道执行器\Debug\link.9744-rc.read.1.tlog
D:\Users\Dell\Documents\Visual Studio 2012\Projects\轨道编辑器\轨道执行器\Debug\link.9744-rc.write.1.tlog
D:\Users\Dell\Documents\Visual Studio 2012\Projects\轨道编辑器\轨道执行器\Debug\link.9744.read.1.tlog
D:\Users\Dell\Documents\Visual Studio 2012\Projects\轨道编辑器\轨道执行器\Debug\link.9744.write.1.tlog
D:\Users\Dell\Documents\Visual Studio 2012\Projects\轨道编辑器\轨道执行器\Debug\link.9756-cvtres.read.1.tlog
D:\Users\Dell\Documents\Visual Studio 2012\Projects\轨道编辑器\轨道执行器\Debug\link.9756-cvtres.write.1.tlog
D:\Users\Dell\Documents\Visual Studio 2012\Projects\轨道编辑器\轨道执行器\Debug\link.9756-rc.read.1.tlog
D:\Users\Dell\Documents\Visual Studio 2012\Projects\轨道编辑器\轨道执行器\Debug\link.9756-rc.write.1.tlog
D:\Users\Dell\Documents\Visual Studio 2012\Projects\轨道编辑器\轨道执行器\Debug\link.9756.read.1.tlog
D:\Users\Dell\Documents\Visual Studio 2012\Projects\轨道编辑器\轨道执行器\Debug\link.9756.write.1.tlog
D:\Users\Dell\Documents\Visual Studio 2012\Projects\轨道编辑器\轨道执行器\Debug\link.9892-cvtres.read.1.tlog
D:\Users\Dell\Documents\Visual Studio 2012\Projects\轨道编辑器\轨道执行器\Debug\link.9892-cvtres.write.1.tlog
D:\Users\Dell\Documents\Visual Studio 2012\Projects\轨道编辑器\轨道执行器\Debug\link.9892-rc.read.1.tlog
D:\Users\Dell\Documents\Visual Studio 2012\Projects\轨道编辑器\轨道执行器\Debug\link.9892-rc.write.1.tlog
D:\Users\Dell\Documents\Visual Studio 2012\Projects\轨道编辑器\轨道执行器\Debug\link.9892.read.1.tlog
D:\Users\Dell\Documents\Visual Studio 2012\Projects\轨道编辑器\轨道执行器\Debug\link.9892.write.1.tlog
D:\Users\Dell\Documents\Visual Studio 2012\Projects\轨道编辑器\轨道执行器\Debug\link.9896-cvtres.read.1.tlog
D:\Users\Dell\Documents\Visual Studio 2012\Projects\轨道编辑器\轨道执行器\Debug\link.9896-cvtres.write.1.tlog
D:\Users\Dell\Documents\Visual Studio 2012\Projects\轨道编辑器\轨道执行器\Debug\link.9896-rc.read.1.tlog
D:\Users\Dell\Documents\Visual Studio 2012\Projects\轨道编辑器\轨道执行器\Debug\link.9896-rc.write.1.tlog
D:\Users\Dell\Documents\Visual Studio 2012\Projects\轨道编辑器\轨道执行器\Debug\link.9896.read.1.tlog
D:\Users\Dell\Documents\Visual Studio 2012\Projects\轨道编辑器\轨道执行器\Debug\link.9896.write.1.tlog
D:\Users\Dell\Documents\Visual Studio 2012\Projects\轨道编辑器\轨道执行器\Debug\link.command.1.tlog
D:\Users\Dell\Documents\Visual Studio 2012\Projects\轨道编辑器\轨道执行器\Debug\link.read.1.tlog
D:\Users\Dell\Documents\Visual Studio 2012\Projects\轨道编辑器\轨道执行器\Debug\link.write.1.tlog
D:\Users\Dell\Documents\Visual Studio 2012\Projects\轨道编辑器\轨道执行器\Debug\rc.command.1.tlog
D:\Users\Dell\Documents\Visual Studio 2012\Projects\轨道编辑器\轨道执行器\Debug\rc.read.1.tlog
D:\Users\Dell\Documents\Visual Studio 2012\Projects\轨道编辑器\轨道执行器\Debug\rc.write.1.tlog
D:\Users\Dell\Documents\Visual Studio 2012\Projects\轨道编辑器\轨道执行器\Debug\轨道执行器.res
D:\Users\Dell\Documents\Visual Studio 2012\Projects\轨道编辑器\轨道执行器\Debug\vc110.idb
D:\Users\Dell\Documents\Visual Studio 2012\Projects\轨道编辑器\轨道执行器\Debug\vc110.pdb
D:\Users\Dell\Documents\Visual Studio 2012\Projects\轨道编辑器\Debug\轨道执行器.pdb
D:\Users\Dell\Documents\Visual Studio 2012\Projects\轨道编辑器\Debug\轨道执行器.exe
D:\Users\Dell\Documents\Visual Studio 2012\Projects\轨道编辑器\Debug\轨道执行器.ilk
