D:\USERS\DELL\DOCUMENTS\VISUAL STUDIO 2012\PROJECTS\轨道编辑器\轨道编辑器\RELEASE\轨道编辑器.OBJ
D:\USERS\DELL\DOCUMENTS\VISUAL STUDIO 2012\PROJECTS\轨道编辑器\轨道编辑器\RELEASE\VC110.PDB
D:\USERS\DELL\DOCUMENTS\VISUAL STUDIO 2012\PROJECTS\轨道编辑器\RELEASE\轨道编辑器.EXE
D:\USERS\DELL\DOCUMENTS\VISUAL STUDIO 2012\PROJECTS\轨道编辑器\RELEASE\轨道编辑器.PDB
D:\USERS\DELL\DOCUMENTS\VISUAL STUDIO 2012\PROJECTS\轨道编辑器\轨道编辑器\RELEASE\轨道编辑器.RES
D:\Users\Dell\Documents\Visual Studio 2012\Projects\轨道编辑器\轨道编辑器\Release\轨道编辑器.obj
D:\Users\Dell\Documents\Visual Studio 2012\Projects\轨道编辑器\轨道编辑器\Release\cl.command.1.tlog
D:\Users\Dell\Documents\Visual Studio 2012\Projects\轨道编辑器\轨道编辑器\Release\CL.read.1.tlog
D:\Users\Dell\Documents\Visual Studio 2012\Projects\轨道编辑器\轨道编辑器\Release\CL.write.1.tlog
D:\Users\Dell\Documents\Visual Studio 2012\Projects\轨道编辑器\轨道编辑器\Release\link-cvtres.read.1.tlog
D:\Users\Dell\Documents\Visual Studio 2012\Projects\轨道编辑器\轨道编辑器\Release\link-cvtres.write.1.tlog
D:\Users\Dell\Documents\Visual Studio 2012\Projects\轨道编辑器\轨道编辑器\Release\link-rc.read.1.tlog
D:\Users\Dell\Documents\Visual Studio 2012\Projects\轨道编辑器\轨道编辑器\Release\link-rc.write.1.tlog
D:\Users\Dell\Documents\Visual Studio 2012\Projects\轨道编辑器\轨道编辑器\Release\link.command.1.tlog
D:\Users\Dell\Documents\Visual Studio 2012\Projects\轨道编辑器\轨道编辑器\Release\link.read.1.tlog
D:\Users\Dell\Documents\Visual Studio 2012\Projects\轨道编辑器\轨道编辑器\Release\link.write.1.tlog
D:\Users\Dell\Documents\Visual Studio 2012\Projects\轨道编辑器\轨道编辑器\Release\rc.command.1.tlog
D:\Users\Dell\Documents\Visual Studio 2012\Projects\轨道编辑器\轨道编辑器\Release\rc.read.1.tlog
D:\Users\Dell\Documents\Visual Studio 2012\Projects\轨道编辑器\轨道编辑器\Release\rc.write.1.tlog
D:\Users\Dell\Documents\Visual Studio 2012\Projects\轨道编辑器\轨道编辑器\Release\轨道编辑器.res
D:\Users\Dell\Documents\Visual Studio 2012\Projects\轨道编辑器\轨道编辑器\Release\vc110.pdb
D:\Users\Dell\Documents\Visual Studio 2012\Projects\轨道编辑器\Release\轨道编辑器.pdb
D:\Users\Dell\Documents\Visual Studio 2012\Projects\轨道编辑器\Release\轨道编辑器.exe
