  轨道执行器.cpp
d:\users\dell\documents\visual studio 2012\projects\轨道编辑器\轨道执行器\..\\track.h(53): warning C4267: “初始化”: 从“size_t”转换到“int”，可能丢失数据
d:\users\dell\documents\visual studio 2012\projects\轨道编辑器\轨道执行器\..\\track.h(54): warning C4267: “初始化”: 从“size_t”转换到“int”，可能丢失数据
d:\users\dell\documents\visual studio 2012\projects\轨道编辑器\轨道执行器\..\\track.h(69): warning C4267: “初始化”: 从“size_t”转换到“int”，可能丢失数据
d:\users\dell\documents\visual studio 2012\projects\轨道编辑器\轨道执行器\..\\track.h(336): warning C4267: “初始化”: 从“size_t”转换到“int”，可能丢失数据
d:\users\dell\documents\visual studio 2012\projects\轨道编辑器\轨道执行器\..\\track.h(449): warning C4267: “初始化”: 从“size_t”转换到“int”，可能丢失数据
d:\users\dell\documents\visual studio 2012\projects\轨道编辑器\轨道执行器\..\\track.h(1291): warning C4267: “初始化”: 从“size_t”转换到“int”，可能丢失数据
d:\users\dell\documents\visual studio 2012\projects\轨道编辑器\轨道执行器\..\\track.h(1292): warning C4267: “初始化”: 从“size_t”转换到“int”，可能丢失数据
d:\users\dell\documents\visual studio 2012\projects\轨道编辑器\轨道执行器\..\\track.h(1731): warning C4267: “参数”: 从“size_t”转换到“int”，可能丢失数据
d:\users\dell\documents\visual studio 2012\projects\轨道编辑器\轨道执行器\..\\track.h(1738): warning C4267: “参数”: 从“size_t”转换到“int”，可能丢失数据
d:\users\dell\documents\visual studio 2012\projects\轨道编辑器\轨道执行器\..\\track.h(1952): warning C4267: “初始化”: 从“size_t”转换到“int”，可能丢失数据
轨道执行器.cpp(1127): warning C4267: “初始化”: 从“size_t”转换到“int”，可能丢失数据
轨道执行器.cpp(1225): warning C4244: “return”: 从“INT_PTR”转换到“int”，可能丢失数据
轨道执行器.cpp(1312): warning C4244: “return”: 从“INT_PTR”转换到“int”，可能丢失数据
轨道执行器.cpp(1387): warning C4244: “return”: 从“INT_PTR”转换到“int”，可能丢失数据
轨道执行器.cpp(1549): warning C4267: “初始化”: 从“size_t”转换到“int”，可能丢失数据
轨道执行器.cpp(1653): warning C4267: “初始化”: 从“size_t”转换到“int”，可能丢失数据
轨道执行器.cpp(6566): warning C4267: “初始化”: 从“size_t”转换到“int”，可能丢失数据
轨道执行器.cpp(6576): warning C4267: “=”: 从“size_t”转换到“int”，可能丢失数据
轨道执行器.cpp(8184): warning C4267: “初始化”: 从“size_t”转换到“int”，可能丢失数据
轨道执行器.cpp(9819): warning C4267: “初始化”: 从“size_t”转换到“int”，可能丢失数据
轨道执行器.cpp(9981): warning C4267: “初始化”: 从“size_t”转换到“int”，可能丢失数据
轨道执行器.cpp(10236): warning C4267: “初始化”: 从“size_t”转换到“int”，可能丢失数据
轨道执行器.cpp(15627): warning C4267: “初始化”: 从“size_t”转换到“int”，可能丢失数据
轨道执行器.cpp(3153): warning C4267: “return”: 从“size_t”转换到“int”，可能丢失数据
          轨道执行器.cpp(3146): 编译类 模板 成员函数“int DigitType<width,height>::GetFruit(int,char (&)[10])”时
          with
          [
              width=0x05,
              height=0x08
          ]
          轨道执行器.cpp(3358): 参见对正在编译的函数 模板 实例化“int DigitType<width,height>::GetFruit(int,char (&)[10])”的引用
          with
          [
              width=0x05,
              height=0x08
          ]
          轨道执行器.cpp(3210): 参见对正在编译的类 模板 实例化“DigitType<width,height>”的引用
          with
          [
              width=0x05,
              height=0x08
          ]
轨道执行器.cpp(7171): warning C4267: “初始化”: 从“size_t”转换到“int”，可能丢失数据
          轨道执行器.cpp(7384): 参见对正在编译的函数 模板 实例化“int LoadSingleCard<0x01144>(Slot &,FILE *,char (&)[4420],char (&)[4420],const char *,int &,char (&)[1000],int,int)”的引用
轨道执行器.cpp(7194): warning C4267: “初始化”: 从“size_t”转换到“int”，可能丢失数据
d:\users\dell\documents\visual studio 2012\projects\轨道编辑器\轨道执行器\..\\track.h(851): warning C4267: “初始化”: 从“size_t”转换到“int”，可能丢失数据
          轨道执行器.cpp(16758): 参见对正在编译的函数 模板 实例化“void TruncateWithEllipsis<0x0104>(char (&)[260],char *,int)”的引用
d:\users\dell\documents\visual studio 2012\projects\轨道编辑器\轨道执行器\..\\track.h(854): warning C4267: “初始化”: 从“size_t”转换到“int”，可能丢失数据
d:\users\dell\documents\visual studio 2012\projects\轨道编辑器\轨道执行器\..\\track.h(934): warning C4267: “初始化”: 从“size_t”转换到“int”，可能丢失数据
          轨道执行器.cpp(17257): 参见对正在编译的函数 模板 实例化“void Truncate<0x0104,0x0104>(const char *,char (&)[260],char (&)[260],int)”的引用
d:\users\dell\documents\visual studio 2012\projects\轨道编辑器\轨道执行器\..\\track.h(937): warning C4267: “初始化”: 从“size_t”转换到“int”，可能丢失数据
  正在生成代码
  已完成代码的生成
  轨道执行器.vcxproj -> D:\Users\Dell\Documents\Visual Studio 2012\Projects\轨道编辑器\x64\Release\轨道执行器.exe
